\BOOKMARK [0][-]{content.0}{\376\377\000C\000o\000n\000t\000e\000n\000t\000s}{}% 1
\BOOKMARK [1][-]{Doc-Start}{\376\377\000S\000T\000A\000T\000U\000T\000O\000R\000Y\000\040\000D\000E\000C\000L\000A\000R\000A\000T\000I\000O\000N}{content.0}% 2
\BOOKMARK [1][-]{Doc-Start}{\376\377\000A\000B\000S\000T\000R\000A\000C\000T}{content.0}% 3
\BOOKMARK [1][-]{Doc-Start}{\376\377\000A\000C\000K\000N\000O\000W\000L\000E\000D\000G\000M\000E\000N\000T\000S}{content.0}% 4
\BOOKMARK [1][-]{chapter*.1}{\376\377\000T\000A\000B\000L\000E\000\040\000O\000F\000\040\000C\000O\000N\000T\000E\000N\000T\000S}{content.0}% 5
\BOOKMARK [1][-]{chapter*.2}{\376\377\000L\000I\000S\000T\000\040\000O\000F\000\040\000T\000A\000B\000L\000E\000S}{content.0}% 6
\BOOKMARK [1][-]{chapter*.3}{\376\377\000L\000I\000S\000T\000\040\000O\000F\000\040\000F\000I\000G\000U\000R\000E\000S}{content.0}% 7
\BOOKMARK [1][-]{chapter*.4}{\376\377\000A\000B\000B\000R\000E\000V\000I\000A\000T\000I\000O\000N\000S}{content.0}% 8
\BOOKMARK [1][-]{chapter*.4}{\376\377\000P\000R\000E\000F\000A\000C\000E}{content.0}% 9
\BOOKMARK [0][-]{chapter.1}{\376\377\000O\000v\000e\000r\000v\000i\000e\000w\000\040\000o\000f\000\040\000p\000r\000o\000d\000u\000c\000t\000i\000o\000n\000\040\000f\000o\000r\000e\000c\000a\000s\000t\000i\000n\000g}{}% 10
\BOOKMARK [1][-]{section.1.1}{\376\377\000H\000i\000s\000t\000o\000r\000y\000\040\000o\000f\000\040\000p\000r\000o\000d\000u\000c\000t\000i\000o\000n\000\040\000a\000n\000a\000l\000y\000s\000i\000s\000H\000e\000d\000o\000n\000g}{chapter.1}% 11
\BOOKMARK [1][-]{section.1.2}{\376\377\000T\000r\000a\000d\000i\000t\000i\000o\000n\000a\000l\000\040\000d\000e\000c\000l\000i\000n\000e\000\040\000c\000u\000r\000v\000e\000\040\000m\000e\000t\000h\000o\000d\000s\000T\000a\000r\000e\000k}{chapter.1}% 12
\BOOKMARK [1][-]{section.1.3}{\376\377\000T\000y\000p\000e\000\040\000c\000u\000r\000v\000e\000\040\000m\000e\000t\000h\000o\000d\000s\000.\000T\000a\000r\000e\000k}{chapter.1}% 13
\BOOKMARK [1][-]{section.1.4}{\376\377\000R\000e\000s\000e\000r\000v\000o\000i\000r\000\040\000m\000o\000d\000e\000l\000l\000i\000n\000g\000\040\000a\000n\000d\000\040\000f\000o\000r\000e\000c\000a\000s\000t\000\040\000m\000e\000t\000h\000o\000d\000s}{chapter.1}% 14
\BOOKMARK [2][-]{subsection.1.4.1}{\376\377\000R\000e\000s\000e\000r\000v\000o\000i\000r\000\040\000m\000o\000d\000e\000l\000l\000i\000n\000g\000\040\000H\000i\000s\0001}{section.1.4}% 15
\BOOKMARK [2][-]{subsection.1.4.2}{\376\377\000H\000i\000s\000t\000o\000r\000y\000\040\000m\000a\000t\000c\000h\000i\000n\000g}{section.1.4}% 16
\BOOKMARK [3][-]{subsubsection.1.4.2.1}{\376\377\000M\000a\000n\000u\000a\000l\000\040\000h\000i\000s\000t\000o\000r\000y\000\040\000m\000a\000t\000c\000h\000i\000n\000g\000\040\000H\000i\000s\0004}{subsection.1.4.2}% 17
\BOOKMARK [3][-]{subsubsection.1.4.2.2}{\376\377\000A\000u\000t\000o\000m\000a\000t\000i\000c\000\040\000h\000i\000s\000t\000o\000r\000y\000\040\000m\000a\000t\000c\000h\000i\000n\000g\000H\000i\000s\0001}{subsection.1.4.2}% 18
\BOOKMARK [2][-]{subsection.1.4.3}{\376\377\000P\000r\000e\000d\000i\000c\000t\000i\000o\000n}{section.1.4}% 19
\BOOKMARK [0][-]{chapter.2}{\376\377\000O\000v\000e\000r\000v\000i\000e\000w\000\040\000o\000f\000\040\000V\000o\000l\000v\000e\000\040\000f\000i\000e\000l\000d}{}% 20
\BOOKMARK [1][-]{section.2.1}{\376\377\000F\000i\000e\000l\000d\000\040\000d\000e\000s\000c\000r\000i\000p\000t\000i\000o\000n}{chapter.2}% 21
\BOOKMARK [2][-]{subsection.2.1.1}{\376\377\000R\000e\000s\000e\000r\000v\000o\000i\000r}{section.2.1}% 22
\BOOKMARK [1][-]{section.2.2}{\376\377\000P\000r\000o\000d\000u\000c\000t\000i\000o\000n\000\040\000p\000r\000o\000f\000i\000l\000e}{chapter.2}% 23
\BOOKMARK [0][-]{chapter.3}{\376\377\000A\000r\000t\000i\000f\000i\000c\000i\000a\000l\000\040\000I\000n\000t\000e\000l\000l\000i\000g\000e\000n\000c\000e}{}% 24
\BOOKMARK [1][-]{section.3.1}{\376\377\000M\000a\000c\000h\000i\000n\000e\000\040\000l\000e\000a\000r\000n\000i\000n\000g}{chapter.3}% 25
\BOOKMARK [2][-]{subsection.3.1.1}{\376\377\000L\000i\000n\000e\000a\000r\000\040\000R\000e\000g\000r\000e\000s\000s\000i\000o\000n}{section.3.1}% 26
\BOOKMARK [2][-]{subsection.3.1.2}{\376\377\000R\000i\000d\000g\000e}{section.3.1}% 27
\BOOKMARK [2][-]{subsection.3.1.3}{\376\377\000K\000N\000e\000i\000g\000h\000b\000o\000r\000s\000\040\000R\000e\000g\000r\000e\000s\000s\000i\000o\000n}{section.3.1}% 28
\BOOKMARK [2][-]{subsection.3.1.4}{\376\377\000S\000u\000p\000p\000o\000r\000t\000\040\000V\000e\000c\000t\000o\000r\000\040\000R\000e\000g\000r\000e\000s\000s\000i\000o\000n}{section.3.1}% 29
\BOOKMARK [2][-]{subsection.3.1.5}{\376\377\000D\000e\000c\000i\000s\000i\000o\000n\000\040\000T\000r\000e\000e\000\040\000R\000e\000g\000r\000e\000s\000s\000i\000o\000n}{section.3.1}% 30
\BOOKMARK [2][-]{subsection.3.1.6}{\376\377\000R\000a\000n\000d\000o\000m\000\040\000F\000o\000r\000e\000s\000t\000\040\000R\000e\000g\000r\000e\000s\000s\000i\000o\000n}{section.3.1}% 31
\BOOKMARK [2][-]{subsection.3.1.7}{\376\377\000E\000x\000t\000r\000a\000\040\000T\000r\000e\000e\000s\000\040\000R\000e\000g\000r\000e\000s\000s\000i\000o\000n}{section.3.1}% 32
\BOOKMARK [2][-]{subsection.3.1.8}{\376\377\000A\000d\000a\000\040\000B\000o\000o\000s\000t\000\040\000R\000e\000g\000r\000e\000s\000s\000i\000o\000n}{section.3.1}% 33
\BOOKMARK [2][-]{subsection.3.1.9}{\376\377\000G\000r\000a\000d\000i\000e\000n\000t\000\040\000B\000o\000o\000s\000t\000i\000n\000g\000\040\000R\000e\000g\000r\000e\000s\000s\000i\000o\000n}{section.3.1}% 34
\BOOKMARK [2][-]{subsection.3.1.10}{\376\377\000E\000x\000t\000r\000e\000m\000e\000\040\000G\000r\000a\000d\000i\000e\000n\000t\000\040\000B\000o\000o\000s\000t\000i\000n\000g\000\040\000R\000e\000g\000r\000e\000s\000s\000i\000o\000n}{section.3.1}% 35
\BOOKMARK [2][-]{subsection.3.1.11}{\376\377\000L\000i\000g\000h\000t\000\040\000G\000r\000a\000d\000i\000e\000n\000t\000\040\000B\000o\000o\000s\000t\000i\000n\000g\000\040\000R\000e\000g\000r\000e\000s\000s\000i\000o\000n}{section.3.1}% 36
\BOOKMARK [1][-]{section.3.2}{\376\377\000D\000e\000e\000p\000\040\000l\000e\000a\000r\000n\000i\000n\000g}{chapter.3}% 37
\BOOKMARK [2][-]{subsection.3.2.1}{\376\377\000A\000r\000t\000i\000f\000i\000c\000i\000a\000l\000\040\000n\000e\000u\000r\000a\000l\000\040\000n\000e\000t\000w\000o\000r\000k\000s}{section.3.2}% 38
\BOOKMARK [2][-]{subsection.3.2.2}{\376\377\000D\000e\000e\000p\000\040\000f\000e\000e\000d\000-\000f\000o\000w\000a\000r\000d\000\040\000n\000e\000t\000w\000o\000r\000k\000s}{section.3.2}% 39
\BOOKMARK [2][-]{subsection.3.2.3}{\376\377\000S\000i\000m\000p\000l\000e\000\040\000R\000e\000c\000u\000r\000r\000e\000n\000t\000\040\000n\000e\000u\000r\000a\000l\000\040\000n\000e\000t\000w\000o\000r\000k\000s}{section.3.2}% 40
\BOOKMARK [2][-]{subsection.3.2.4}{\376\377\000L\000o\000n\000g\000\040\000s\000h\000o\000r\000t\000\040\000t\000e\000r\000m\000\040\000m\000e\000m\000o\000r\000y}{section.3.2}% 41
\BOOKMARK [2][-]{subsection.3.2.5}{\376\377\000G\000a\000t\000e\000d\000\040\000R\000e\000c\000u\000r\000r\000e\000n\000t\000\040\000U\000n\000i\000t}{section.3.2}% 42
\BOOKMARK [0][-]{chapter.4}{\376\377\000M\000e\000t\000h\000o\000d\000o\000l\000o\000g\000y}{}% 43
\BOOKMARK [1][-]{section.4.1}{\376\377\000I\000n\000p\000u\000t\000\040\000d\000a\000t\000a}{chapter.4}% 44
\BOOKMARK [1][-]{section.4.2}{\376\377\000W\000o\000r\000k\000-\000f\000l\000o\000w}{chapter.4}% 45
\BOOKMARK [2][-]{subsection.4.2.1}{\376\377\000G\000a\000t\000h\000e\000r\000\040\000d\000a\000t\000a}{section.4.2}% 46
\BOOKMARK [2][-]{subsection.4.2.2}{\376\377\000D\000a\000t\000a\000\040\000p\000r\000e\000p\000r\000o\000c\000e\000s\000s\000i\000n\000g}{section.4.2}% 47
\BOOKMARK [2][-]{subsection.4.2.3}{\376\377\000C\000r\000o\000s\000s\000\040\000v\000a\000l\000i\000d\000a\000t\000i\000o\000n\000\040\000s\000t\000r\000a\000t\000e\000g\000i\000e\000s}{section.4.2}% 48
\BOOKMARK [2][-]{subsection.4.2.4}{\376\377\000F\000e\000a\000t\000u\000r\000e\000\040\000s\000c\000a\000l\000i\000n\000g}{section.4.2}% 49
\BOOKMARK [2][-]{subsection.4.2.5}{\376\377\000M\000a\000c\000h\000i\000n\000e\000\040\000l\000e\000a\000r\000n\000i\000n\000g\000\040\000a\000n\000d\000\040\000d\000e\000e\000p\000\040\000l\000e\000a\000r\000n\000i\000n\000g\000\040\000a\000l\000g\000o\000r\000i\000t\000h\000m\000s}{section.4.2}% 50
\BOOKMARK [0][-]{chapter.5}{\376\377\000R\000e\000s\000u\000l\000t\000\040\000a\000n\000d\000\040\000D\000i\000s\000c\000u\000s\000s\000i\000o\000n}{}% 51
\BOOKMARK [1][-]{section.5.1}{\376\377\000M\000a\000c\000h\000i\000n\000e\000\040\000l\000e\000a\000r\000n\000i\000n\000g}{chapter.5}% 52
\BOOKMARK [1][-]{section.5.2}{\376\377\000D\000e\000e\000p\000\040\000l\000e\000a\000r\000n\000i\000n\000g}{chapter.5}% 53
\BOOKMARK [2][-]{subsection.5.2.1}{\376\377\000N\000e\000u\000r\000a\000l\000\040\000n\000e\000t\000w\000o\000r\000k\000s}{section.5.2}% 54
\BOOKMARK [2][-]{subsection.5.2.2}{\376\377\000R\000e\000c\000u\000r\000r\000e\000n\000t\000\040\000N\000e\000u\000r\000a\000l\000\040\000N\000e\000t\000w\000o\000r\000k\000s}{section.5.2}% 55
\BOOKMARK [1][-]{section.5.3}{\376\377\000A\000p\000p\000l\000i\000e\000d\000\040\000l\000o\000n\000g\000\040\000s\000h\000o\000r\000t\000\040\000t\000e\000r\000m\000\040\000m\000e\000m\000o\000r\000y\000\040\000a\000s\000\040\000t\000h\000e\000\040\000b\000e\000s\000t\000\040\000a\000l\000g\000o\000r\000i\000t\000h\000m\000s}{chapter.5}% 56
\BOOKMARK [2][-]{subsection.5.3.1}{\376\377\000C\000o\000m\000p\000a\000r\000i\000s\000o\000n\000\040\000w\000i\000t\000h\000\040\000D\000C\000A}{section.5.3}% 57
\BOOKMARK [2][-]{subsection.5.3.2}{\376\377\000C\000o\000m\000p\000a\000r\000i\000s\000o\000n\000\040\000w\000i\000t\000h\000\040\000E\000c\000l\000i\000p\000s\000e}{section.5.3}% 58
\BOOKMARK [3][-]{subsubsection.5.3.2.1}{\376\377\000W\000e\000l\000l\000\040\000F\0001}{subsection.5.3.2}% 59
\BOOKMARK [3][-]{subsubsection.5.3.2.2}{\376\377\000W\000e\000l\000l\000\040\000F\0001\0001}{subsection.5.3.2}% 60
\BOOKMARK [3][-]{subsubsection.5.3.2.3}{\376\377\000W\000e\000l\000l\000\040\000F\0001\0002}{subsection.5.3.2}% 61
\BOOKMARK [3][-]{subsubsection.5.3.2.4}{\376\377\000W\000e\000l\000l\000\040\000F\0001\0004}{subsection.5.3.2}% 62
\BOOKMARK [3][-]{subsubsection.5.3.2.5}{\376\377\000W\000e\000l\000l\000\040\000F\0001\0005}{subsection.5.3.2}% 63
\BOOKMARK [3][-]{subsubsection.5.3.2.6}{\376\377\000T\000o\000t\000a\000l\000\040\000c\000u\000m\000u\000l\000a\000t\000i\000v\000e\000\040\000o\000i\000l\000\040\000p\000r\000o\000d\000u\000c\000t\000i\000o\000n\000\040\000i\000n\000\040\000c\000o\000m\000p\000a\000r\000i\000s\000o\000n}{subsection.5.3.2}% 64
\BOOKMARK [0][-]{chapter.6}{\376\377\000C\000o\000n\000c\000l\000u\000s\000i\000o\000n}{}% 65
\BOOKMARK [0][-]{appendix.A}{\376\377\000P\000r\000e\000p\000r\000o\000c\000e\000s\000s\000i\000n\000g\000\040\000a\000n\000d\000\040\000d\000a\000t\000a\000\040\000u\000s\000e\000d\000\040\000i\000n\000\040\000t\000h\000e\000s\000i\000s}{}% 66
\BOOKMARK [0][-]{appendix.B}{\376\377\000H\000y\000p\000e\000r\000p\000a\000r\000a\000m\000e\000t\000e\000s\000\040\000o\000p\000t\000i\000m\000i\000z\000a\000t\000i\000o\000n}{}% 67
\BOOKMARK [0][-]{appendix.C}{\376\377\000M\000a\000c\000h\000i\000n\000e\000\040\000l\000e\000a\000r\000n\000i\000n\000g\000\040\000r\000e\000s\000u\000l\000t}{}% 68
\BOOKMARK [0][-]{appendix.D}{\376\377\000R\000e\000s\000u\000l\000t\000s\000\040\000o\000f\000\040\000L\000S\000T\000M\000\040\000o\000n\000\040\000f\000i\000v\000e\000\040\000w\000e\000l\000l}{}% 69
\BOOKMARK [0][-]{appendix.E}{\376\377\000R\000e\000s\000u\000l\000t\000s\000\040\000o\000f\000\040\000L\000S\000T\000M\000\040\000c\000u\000m\000u\000l\000a\000t\000i\000v\000e\000\040\000g\000a\000s\000\040\000a\000n\000d\000\040\000w\000a\000t\000e\000r}{}% 70
